c:\users\anon\desktop\курсова бандура\project\banduracursovapharmacy\banduracursovapharmacy\x64\release\vc143.pdb
c:\users\anon\desktop\курсова бандура\project\banduracursovapharmacy\banduracursovapharmacy\x64\release\.netframework,version=v4.7.2.assemblyattributes.obj
c:\users\anon\desktop\курсова бандура\project\banduracursovapharmacy\banduracursovapharmacy\x64\release\startform.obj
c:\users\anon\desktop\курсова бандура\project\banduracursovapharmacy\banduracursovapharmacy\x64\release\pharmacyform.obj
c:\users\anon\desktop\курсова бандура\project\banduracursovapharmacy\banduracursovapharmacy\x64\release\orderform.obj
c:\users\anon\desktop\курсова бандура\project\banduracursovapharmacy\banduracursovapharmacy\x64\release\medicineform.obj
c:\users\anon\desktop\курсова бандура\project\banduracursovapharmacy\banduracursovapharmacy\x64\release\editpharmacy.obj
c:\users\anon\desktop\курсова бандура\project\banduracursovapharmacy\banduracursovapharmacy\x64\release\editorder.obj
c:\users\anon\desktop\курсова бандура\project\banduracursovapharmacy\banduracursovapharmacy\x64\release\editmedicine.obj
c:\users\anon\desktop\курсова бандура\project\banduracursovapharmacy\banduracursovapharmacy\x64\release\editdistributor.obj
c:\users\anon\desktop\курсова бандура\project\banduracursovapharmacy\banduracursovapharmacy\x64\release\distributorform.obj
c:\users\anon\desktop\banduracursovapharmacy\banduracursovapharmacy\x64\release\vc143.pdb
c:\users\anon\desktop\banduracursovapharmacy\banduracursovapharmacy\x64\release\.netframework,version=v4.7.2.assemblyattributes.obj
c:\users\anon\desktop\banduracursovapharmacy\banduracursovapharmacy\x64\release\pharmacyform.obj
c:\users\anon\desktop\banduracursovapharmacy\banduracursovapharmacy\x64\release\orderform.obj
c:\users\anon\desktop\banduracursovapharmacy\banduracursovapharmacy\x64\release\medicineform.obj
c:\users\anon\desktop\banduracursovapharmacy\banduracursovapharmacy\x64\release\editpharmacy.obj
c:\users\anon\desktop\banduracursovapharmacy\banduracursovapharmacy\x64\release\editorder.obj
c:\users\anon\desktop\banduracursovapharmacy\banduracursovapharmacy\x64\release\editmedicine.obj
c:\users\anon\desktop\banduracursovapharmacy\banduracursovapharmacy\x64\release\editdistributor.obj
c:\users\anon\desktop\banduracursovapharmacy\banduracursovapharmacy\x64\release\typeform.obj
c:\users\anon\desktop\banduracursovapharmacy\banduracursovapharmacy\x64\release\startform.obj
c:\users\anon\desktop\banduracursovapharmacy\banduracursovapharmacy\x64\release\leadform.obj
c:\users\anon\desktop\banduracursovapharmacy\banduracursovapharmacy\x64\release\editlead.obj
c:\users\anon\desktop\banduracursovapharmacy\banduracursovapharmacy\x64\release\distributorform.obj
c:\users\anon\desktop\курсова бандура\project\banduracursovapharmacy\x64\release\banduracursovapharmacy.exe
c:\users\anon\desktop\курсова бандура\project\banduracursovapharmacy\x64\release\banduracursovapharmacy.pdb
c:\users\anon\desktop\banduracursovapharmacy\banduracursovapharmacy\x64\release\banduracursovapharmacy.vcxproj.assemblyreference.cache
c:\users\anon\desktop\banduracursovapharmacy\banduracursovapharmacy\x64\release\banduracursovapharmacy.vcxproj.generateresource.cache
c:\users\anon\desktop\banduracursovapharmacy\banduracursovapharmacy\x64\release\banduracursovapharmacy.vcxproj.suggestedbindingredirects.cache
c:\users\anon\desktop\banduracursovapharmacy\banduracursovapharmacy\x64\release\banduracursovapharmacy.distributorform.resources
c:\users\anon\desktop\banduracursovapharmacy\banduracursovapharmacy\x64\release\banduracursovapharmacy.editdistributor.resources
c:\users\anon\desktop\banduracursovapharmacy\banduracursovapharmacy\x64\release\banduracursovapharmacy.editmedicine.resources
c:\users\anon\desktop\banduracursovapharmacy\banduracursovapharmacy\x64\release\banduracursovapharmacy.editorder.resources
c:\users\anon\desktop\banduracursovapharmacy\banduracursovapharmacy\x64\release\banduracursovapharmacy.editpharmacy.resources
c:\users\anon\desktop\banduracursovapharmacy\banduracursovapharmacy\x64\release\banduracursovapharmacy.medicineform.resources
c:\users\anon\desktop\banduracursovapharmacy\banduracursovapharmacy\x64\release\banduracursovapharmacy.orderform.resources
c:\users\anon\desktop\banduracursovapharmacy\banduracursovapharmacy\x64\release\banduracursovapharmacy.pharmacyform.resources
c:\users\anon\desktop\banduracursovapharmacy\banduracursovapharmacy\x64\release\banduracursovapharmacy.startform.resources
c:\users\anon\desktop\banduracursovapharmacy\x64\release\banduracursovapharmacy.pdb
c:\users\anon\desktop\banduracursovapharmacy\x64\release\banduracursovapharmacy.exe
c:\users\anon\desktop\banduracursovapharmacy\banduracursovapharmacy\x64\release\bandurac.64e54da5.tlog\cl.command.1.tlog
c:\users\anon\desktop\banduracursovapharmacy\banduracursovapharmacy\x64\release\bandurac.64e54da5.tlog\cl.read.1.tlog
c:\users\anon\desktop\banduracursovapharmacy\banduracursovapharmacy\x64\release\bandurac.64e54da5.tlog\cl.write.1.tlog
c:\users\anon\desktop\banduracursovapharmacy\banduracursovapharmacy\x64\release\bandurac.64e54da5.tlog\link.command.1.tlog
c:\users\anon\desktop\banduracursovapharmacy\banduracursovapharmacy\x64\release\bandurac.64e54da5.tlog\link.read.1.tlog
c:\users\anon\desktop\banduracursovapharmacy\banduracursovapharmacy\x64\release\bandurac.64e54da5.tlog\link.write.1.tlog
c:\users\anon\desktop\banduracursovapharmacy\banduracursovapharmacy\x64\release\bandurac.64e54da5.tlog\metagen.read.1.tlog
c:\users\anon\desktop\banduracursovapharmacy\banduracursovapharmacy\x64\release\bandurac.64e54da5.tlog\metagen.write.1.tlog
c:\users\anon\desktop\banduracursovapharmacy\banduracursovapharmacy\x64\release\bandurac.64e54da5.tlog\resgen.command.1.tlog
c:\users\anon\desktop\banduracursovapharmacy\banduracursovapharmacy\x64\release\bandurac.64e54da5.tlog\resgen.read.1.tlog
c:\users\anon\desktop\banduracursovapharmacy\banduracursovapharmacy\x64\release\bandurac.64e54da5.tlog\resgen.write.1.tlog
