c:\users\anon\desktop\bandura — копия\banduracursovapharmacy\x64\release\vc143.pdb
c:\users\anon\desktop\bandura — копия\banduracursovapharmacy\x64\release\.netframework,version=v4.7.2.assemblyattributes.obj
c:\users\anon\desktop\bandura — копия\banduracursovapharmacy\x64\release\typeform.obj
c:\users\anon\desktop\bandura — копия\banduracursovapharmacy\x64\release\startform.obj
c:\users\anon\desktop\bandura — копия\banduracursovapharmacy\x64\release\pencilform.obj
c:\users\anon\desktop\bandura — копия\banduracursovapharmacy\x64\release\leadform.obj
c:\users\anon\desktop\bandura — копия\banduracursovapharmacy\x64\release\edittype.obj
c:\users\anon\desktop\bandura — копия\banduracursovapharmacy\x64\release\editpencil.obj
c:\users\anon\desktop\bandura — копия\banduracursovapharmacy\x64\release\editlead.obj
c:\users\anon\desktop\bandura — копия\banduracursovapharmacy\x64\release\editdistributor.obj
c:\users\anon\desktop\bandura — копия\banduracursovapharmacy\x64\release\distributorform.obj
c:\users\anon\desktop\bandura — копия\x64\release\banduracursovapharmacy.exe
c:\users\anon\desktop\bandura — копия\x64\release\banduracursovapharmacy.pdb
c:\users\anon\desktop\bandura — копия\x64\release\banduracursovapencil.exe
c:\users\anon\desktop\bandura — копия\x64\release\banduracursovapencil.pdb
c:\users\anon\desktop\bandura — копия\banduracursovapharmacy\x64\release\editmedicine.obj
c:\users\anon\desktop\bandura — копия\banduracursovapharmacy\x64\release\editpharmacy.obj
c:\users\anon\desktop\bandura — копия\banduracursovapharmacy\x64\release\medicineform.obj
c:\users\anon\desktop\bandura — копия\banduracursovapharmacy\x64\release\pharmacyform.obj
c:\users\anon\desktop\bandura — копия\banduracursovapharmacy\x64\release\bandurac.64e54da5.tlog\cl.command.1.tlog
c:\users\anon\desktop\bandura — копия\banduracursovapharmacy\x64\release\bandurac.64e54da5.tlog\cl.read.1.tlog
c:\users\anon\desktop\bandura — копия\banduracursovapharmacy\x64\release\bandurac.64e54da5.tlog\cl.write.1.tlog
c:\users\anon\desktop\bandura — копия\banduracursovapharmacy\x64\release\bandurac.64e54da5.tlog\link.command.1.tlog
c:\users\anon\desktop\bandura — копия\banduracursovapharmacy\x64\release\bandurac.64e54da5.tlog\link.read.1.tlog
c:\users\anon\desktop\bandura — копия\banduracursovapharmacy\x64\release\bandurac.64e54da5.tlog\link.write.1.tlog
c:\users\anon\desktop\bandura — копия\banduracursovapharmacy\x64\release\bandurac.64e54da5.tlog\metagen.read.1.tlog
c:\users\anon\desktop\bandura — копия\banduracursovapharmacy\x64\release\bandurac.64e54da5.tlog\metagen.write.1.tlog
c:\users\anon\desktop\bandura — копия\banduracursovapharmacy\x64\release\bandurac.64e54da5.tlog\resgen.command.1.tlog
c:\users\anon\desktop\bandura — копия\banduracursovapharmacy\x64\release\bandurac.64e54da5.tlog\resgen.read.1.tlog
c:\users\anon\desktop\bandura — копия\banduracursovapharmacy\x64\release\bandurac.64e54da5.tlog\resgen.write.1.tlog
